Copyright 1986-2022 Xilinx, Inc. All Rights Reserved.
------------------------------------------------------------------------------------------
| Tool Version : Vivado v.2022.2 (win64) Build 3671981 Fri Oct 14 05:00:03 MDT 2022
| Date         : Sat Sep 28 21:11:01 2024
| Host         : DESKTOP-H9C91L2 running 64-bit major release  (build 9200)
| Command      : report_clock_utilization -file top_hdmi_out_clock_utilization_routed.rpt
| Design       : top_hdmi_out
| Device       : 7a200t-sbg484
| Speed File   : -1  PRODUCTION 1.23 2018-06-13
| Design State : Routed
------------------------------------------------------------------------------------------

Clock Utilization Report

Table of Contents
-----------------
1. Clock Primitive Utilization
2. Global Clock Resources
3. Global Clock Source Details
4. Clock Regions: Key Resource Utilization
5. Clock Regions : Global Clock Summary
6. Device Cell Placement Summary for Global Clock g0
7. Device Cell Placement Summary for Global Clock g1
8. Device Cell Placement Summary for Global Clock g2
9. Device Cell Placement Summary for Global Clock g3
10. Device Cell Placement Summary for Global Clock g4
11. Clock Region Cell Placement per Global Clock: Region X0Y2
12. Clock Region Cell Placement per Global Clock: Region X1Y2

1. Clock Primitive Utilization
------------------------------

+----------+------+-----------+-----+--------------+--------+
| Type     | Used | Available | LOC | Clock Region | Pblock |
+----------+------+-----------+-----+--------------+--------+
| BUFGCTRL |    3 |        32 |   0 |            0 |      0 |
| BUFH     |    2 |       120 |   0 |            0 |      0 |
| BUFIO    |    0 |        40 |   0 |            0 |      0 |
| BUFMR    |    0 |        20 |   0 |            0 |      0 |
| BUFR     |    0 |        40 |   0 |            0 |      0 |
| MMCM     |    1 |        10 |   0 |            0 |      0 |
| PLL      |    0 |        10 |   0 |            0 |      0 |
+----------+------+-----------+-----+--------------+--------+


2. Global Clock Resources
-------------------------

+-----------+-----------+-----------------+------------+---------------+--------------+-------------------+-------------+-----------------+--------------+--------------------------------+------------------------------------------+---------------------------------------------------------------+
| Global Id | Source Id | Driver Type/Pin | Constraint | Site          | Clock Region | Load Clock Region | Clock Loads | Non-Clock Loads | Clock Period | Clock                          | Driver Pin                               | Net                                                           |
+-----------+-----------+-----------------+------------+---------------+--------------+-------------------+-------------+-----------------+--------------+--------------------------------+------------------------------------------+---------------------------------------------------------------+
| g0        | src0      | BUFGCTRL/O      | None       | BUFGCTRL_X0Y0 | n/a          |                 1 |          55 |               1 |       13.468 | clk_out_74_25MHz_clk_wiz_720p  | serial_and_pix_clk/inst/clkout1_buf/O    | serial_and_pix_clk/inst/clk_out_74_25MHz                      |
| g0        | src1      | BUFGCTRL/O      | None       | BUFGCTRL_X0Y0 | n/a          |                 1 |          55 |               1 |       13.468 | clk_out_74_25MHz_clk_wiz_720p  | serial_and_pix_clk/inst/clkout1_buf/O    | serial_and_pix_clk/inst/clk_out_74_25MHz                      |
| g1        | src0      | BUFH/O          | None       | BUFHCE_X0Y24  | X0Y2         |                 1 |           8 |               0 |       13.468 | clk_out_74_25MHz_clk_wiz_720p  | serial_and_pix_clk/inst/clkout1_buf_en/O | serial_and_pix_clk/inst/clk_out_74_25MHz_clk_wiz_720p_en_clk  |
| g2        | src2      | BUFGCTRL/O      | None       | BUFGCTRL_X0Y1 | n/a          |                 1 |          47 |               0 |        2.694 | clk_out_371_25MHz_clk_wiz_720p | serial_and_pix_clk/inst/clkout2_buf/O    | serial_and_pix_clk/inst/clk_out_371_25MHz                     |
| g2        | src3      | BUFGCTRL/O      | None       | BUFGCTRL_X0Y1 | n/a          |                 1 |          47 |               0 |        2.694 | clk_out_371_25MHz_clk_wiz_720p | serial_and_pix_clk/inst/clkout2_buf/O    | serial_and_pix_clk/inst/clk_out_371_25MHz                     |
| g3        | src2      | BUFH/O          | None       | BUFHCE_X0Y25  | X0Y2         |                 1 |           8 |               0 |        2.694 | clk_out_371_25MHz_clk_wiz_720p | serial_and_pix_clk/inst/clkout2_buf_en/O | serial_and_pix_clk/inst/clk_out_371_25MHz_clk_wiz_720p_en_clk |
| g4        | src4      | BUFG/O          | None       | BUFGCTRL_X0Y2 | n/a          |                 1 |           1 |               0 |       50.000 | clkfbout_clk_wiz_720p          | serial_and_pix_clk/inst/clkf_buf/O       | serial_and_pix_clk/inst/clkfbout_buf_clk_wiz_720p             |
+-----------+-----------+-----------------+------------+---------------+--------------+-------------------+-------------+-----------------+--------------+--------------------------------+------------------------------------------+---------------------------------------------------------------+
* Clock Loads column represents cell count of net connects that connect to a clock pin. Internal cell leaf pins are not considered
** Non-Clock Loads column represents cell count of non-clock pin loads


3. Global Clock Source Details
------------------------------

+-----------+-----------+---------------------+------------+-----------------+--------------+-------------+-----------------+---------------------+--------------------------------+------------------------------------------------+--------------------------------------------------------+
| Source Id | Global Id | Driver Type/Pin     | Constraint | Site            | Clock Region | Clock Loads | Non-Clock Loads | Source Clock Period | Source Clock                   | Driver Pin                                     | Net                                                    |
+-----------+-----------+---------------------+------------+-----------------+--------------+-------------+-----------------+---------------------+--------------------------------+------------------------------------------------+--------------------------------------------------------+
| src0      | g0        | MMCME2_ADV/CLKOUT0  | None       | MMCME2_ADV_X1Y2 | X1Y2         |           2 |               0 |              13.468 | clk_out_74_25MHz_clk_wiz_720p  | serial_and_pix_clk/inst/mmcm_adv_inst/CLKOUT0  | serial_and_pix_clk/inst/clk_out_74_25MHz_clk_wiz_720p  |
| src0      | g1        | MMCME2_ADV/CLKOUT0  | None       | MMCME2_ADV_X1Y2 | X1Y2         |           2 |               0 |              13.468 | clk_out_74_25MHz_clk_wiz_720p  | serial_and_pix_clk/inst/mmcm_adv_inst/CLKOUT0  | serial_and_pix_clk/inst/clk_out_74_25MHz_clk_wiz_720p  |
| src1      | g0        | VCC/P               | None       |                 | n/a          |           0 |               0 |                     |                                | serial_and_pix_clk/inst/VCC_1/P                | serial_and_pix_clk/inst/VCC_2                          |
| src2      | g2        | MMCME2_ADV/CLKOUT1  | None       | MMCME2_ADV_X1Y2 | X1Y2         |           2 |               0 |               2.694 | clk_out_371_25MHz_clk_wiz_720p | serial_and_pix_clk/inst/mmcm_adv_inst/CLKOUT1  | serial_and_pix_clk/inst/clk_out_371_25MHz_clk_wiz_720p |
| src2      | g3        | MMCME2_ADV/CLKOUT1  | None       | MMCME2_ADV_X1Y2 | X1Y2         |           2 |               0 |               2.694 | clk_out_371_25MHz_clk_wiz_720p | serial_and_pix_clk/inst/mmcm_adv_inst/CLKOUT1  | serial_and_pix_clk/inst/clk_out_371_25MHz_clk_wiz_720p |
| src3      | g2        | VCC/P               | None       |                 | n/a          |           0 |               0 |                     |                                | serial_and_pix_clk/inst/VCC_1/P                | serial_and_pix_clk/inst/VCC_2                          |
| src4      | g4        | MMCME2_ADV/CLKFBOUT | None       | MMCME2_ADV_X1Y2 | X1Y2         |           1 |               0 |              50.000 | clkfbout_clk_wiz_720p          | serial_and_pix_clk/inst/mmcm_adv_inst/CLKFBOUT | serial_and_pix_clk/inst/clkfbout_clk_wiz_720p          |
+-----------+-----------+---------------------+------------+-----------------+--------------+-------------+-----------------+---------------------+--------------------------------+------------------------------------------------+--------------------------------------------------------+
* Clock Loads column represents cell count of net connects that connect to a clock pin. Internal cell leaf pins are not considered
** Non-Clock Loads column represents cell count of non-clock pin loads


4. Clock Regions: Key Resource Utilization
------------------------------------------

+-------------------+--------------+--------------+--------------+--------------+--------------+--------------+--------------+--------------+--------------+--------------+--------------+--------------+--------------+--------------+--------------+
|                   | Global Clock |     BUFRs    |    BUFMRs    |    BUFIOs    |     MMCM     |      PLL     |      GT      |      PCI     |    ILOGIC    |    OLOGIC    |      FF      |     LUTM     |    RAMB18    |    RAMB36    |    DSP48E2   |
+-------------------+------+-------+------+-------+------+-------+------+-------+------+-------+------+-------+------+-------+------+-------+------+-------+------+-------+------+-------+------+-------+------+-------+------+-------+------+-------+
| Clock Region Name | Used | Avail | Used | Avail | Used | Avail | Used | Avail | Used | Avail | Used | Avail | Used | Avail | Used | Avail | Used | Avail | Used | Avail | Used | Avail | Used | Avail | Used | Avail | Used | Avail | Used | Avail |
+-------------------+------+-------+------+-------+------+-------+------+-------+------+-------+------+-------+------+-------+------+-------+------+-------+------+-------+------+-------+------+-------+------+-------+------+-------+------+-------+
| X0Y0              |    0 |    12 |    0 |     4 |    0 |     2 |    0 |     4 |    0 |     1 |    0 |     1 |    0 |     4 |    0 |     0 |    0 |    50 |    0 |    50 |    0 |  2700 |    0 |   800 |    0 |    60 |    0 |    30 |    0 |    60 |
| X1Y0              |    0 |    12 |    0 |     4 |    0 |     2 |    0 |     4 |    0 |     1 |    0 |     1 |    0 |     4 |    0 |     0 |    0 |    50 |    0 |    50 |    0 |  2500 |    0 |   800 |    0 |    40 |    0 |    20 |    0 |    40 |
| X0Y1              |    0 |    12 |    0 |     4 |    0 |     2 |    0 |     4 |    0 |     1 |    0 |     1 |    0 |     0 |    0 |     0 |    0 |    50 |    0 |    50 |    0 |  4200 |    0 |  1400 |    0 |   100 |    0 |    50 |    0 |   100 |
| X1Y1              |    0 |    12 |    0 |     4 |    0 |     2 |    0 |     4 |    0 |     1 |    0 |     1 |    0 |     0 |    0 |     0 |    0 |    50 |    0 |    50 |    0 |  4000 |    0 |  1400 |    0 |    80 |    0 |    40 |    0 |    80 |
| X0Y2              |    2 |    12 |    0 |     4 |    0 |     2 |    0 |     4 |    0 |     1 |    0 |     1 |    0 |     0 |    0 |     0 |    0 |    50 |    0 |    50 |   16 |  3600 |    0 |  1400 |    0 |   100 |    0 |    50 |    0 |   100 |
| X1Y2              |    3 |    12 |    0 |     4 |    0 |     2 |    0 |     4 |    1 |     1 |    0 |     1 |    0 |     0 |    0 |     0 |    0 |    50 |    3 |    50 |   99 |  4000 |   24 |  1400 |    0 |    80 |    0 |    40 |    0 |    80 |
| X0Y3              |    0 |    12 |    0 |     4 |    0 |     2 |    0 |     4 |    0 |     1 |    0 |     1 |    0 |     0 |    0 |     0 |    0 |    50 |    0 |    50 |    0 |  3600 |    0 |  1400 |    0 |   100 |    0 |    50 |    0 |   100 |
| X1Y3              |    0 |    12 |    0 |     4 |    0 |     2 |    0 |     4 |    0 |     1 |    0 |     1 |    0 |     0 |    0 |     0 |    0 |    50 |    0 |    50 |    0 |  4000 |    0 |  1400 |    0 |    80 |    0 |    40 |    0 |    80 |
| X0Y4              |    0 |    12 |    0 |     4 |    0 |     2 |    0 |     4 |    0 |     1 |    0 |     1 |    0 |     4 |    0 |     1 |    0 |    50 |    0 |    50 |    0 |  2550 |    0 |   750 |    0 |    50 |    0 |    25 |    0 |    60 |
| X1Y4              |    0 |    12 |    0 |     4 |    0 |     2 |    0 |     4 |    0 |     1 |    0 |     1 |    0 |     4 |    0 |     0 |    0 |    50 |    0 |    50 |    0 |  2500 |    0 |   800 |    0 |    40 |    0 |    20 |    0 |    40 |
+-------------------+------+-------+------+-------+------+-------+------+-------+------+-------+------+-------+------+-------+------+-------+------+-------+------+-------+------+-------+------+-------+------+-------+------+-------+------+-------+
* Global Clock column represents track count; while other columns represents cell counts


5. Clock Regions : Global Clock Summary
---------------------------------------

All Modules
+----+----+----+
|    | X0 | X1 |
+----+----+----+
| Y4 |  0 |  0 |
| Y3 |  0 |  0 |
| Y2 |  2 |  3 |
| Y1 |  0 |  0 |
| Y0 |  0 |  0 |
+----+----+----+


6. Device Cell Placement Summary for Global Clock g0
----------------------------------------------------

+-----------+-----------------+-------------------+-------------------------------+-------------+---------------+-------------+----------+----------------+----------+------------------------------------------+
| Global Id | Driver Type/Pin | Driver Region (D) | Clock                         | Period (ns) | Waveform (ns) | Slice Loads | IO Loads | Clocking Loads | GT Loads | Net                                      |
+-----------+-----------------+-------------------+-------------------------------+-------------+---------------+-------------+----------+----------------+----------+------------------------------------------+
| g0        | BUFGCTRL/O      | n/a               | clk_out_74_25MHz_clk_wiz_720p |      13.468 | {0.000 6.734} |          55 |        1 |              0 |        0 | serial_and_pix_clk/inst/clk_out_74_25MHz |
+-----------+-----------------+-------------------+-------------------------------+-------------+---------------+-------------+----------+----------------+----------+------------------------------------------+
* Slice Loads column represents load cell count of all cell types other than IO, GT and clock resources
** IO Loads column represents load cell count of IO types
*** Clocking Loads column represents load cell count that are clock resources (global clock buffer, MMCM, PLL, etc)
**** GT Loads column represents load cell count of GT types


+----+----+-----+-----------------------+
|    | X0 | X1  | HORIZONTAL PROG DELAY |
+----+----+-----+-----------------------+
| Y4 |  0 |   0 |                     - |
| Y3 |  0 |   0 |                     - |
| Y2 |  0 |  56 |                     0 |
| Y1 |  0 |   0 |                     - |
| Y0 |  0 |   0 |                     - |
+----+----+-----+-----------------------+


7. Device Cell Placement Summary for Global Clock g1
----------------------------------------------------

+-----------+-----------------+-------------------+-------------------------------+-------------+---------------+-------------+----------+----------------+----------+--------------------------------------------------------------+
| Global Id | Driver Type/Pin | Driver Region (D) | Clock                         | Period (ns) | Waveform (ns) | Slice Loads | IO Loads | Clocking Loads | GT Loads | Net                                                          |
+-----------+-----------------+-------------------+-------------------------------+-------------+---------------+-------------+----------+----------------+----------+--------------------------------------------------------------+
| g1        | BUFH/O          | X0Y2              | clk_out_74_25MHz_clk_wiz_720p |      13.468 | {0.000 6.734} |           8 |        0 |              0 |        0 | serial_and_pix_clk/inst/clk_out_74_25MHz_clk_wiz_720p_en_clk |
+-----------+-----------------+-------------------+-------------------------------+-------------+---------------+-------------+----------+----------------+----------+--------------------------------------------------------------+
* Slice Loads column represents load cell count of all cell types other than IO, GT and clock resources
** IO Loads column represents load cell count of IO types
*** Clocking Loads column represents load cell count that are clock resources (global clock buffer, MMCM, PLL, etc)
**** GT Loads column represents load cell count of GT types


+----+--------+----+-----------------------+
|    | X0     | X1 | HORIZONTAL PROG DELAY |
+----+--------+----+-----------------------+
| Y4 |      0 |  0 |                     - |
| Y3 |      0 |  0 |                     - |
| Y2 |  (D) 8 |  0 |                     0 |
| Y1 |      0 |  0 |                     - |
| Y0 |      0 |  0 |                     - |
+----+--------+----+-----------------------+


8. Device Cell Placement Summary for Global Clock g2
----------------------------------------------------

+-----------+-----------------+-------------------+--------------------------------+-------------+---------------+-------------+----------+----------------+----------+-------------------------------------------+
| Global Id | Driver Type/Pin | Driver Region (D) | Clock                          | Period (ns) | Waveform (ns) | Slice Loads | IO Loads | Clocking Loads | GT Loads | Net                                       |
+-----------+-----------------+-------------------+--------------------------------+-------------+---------------+-------------+----------+----------------+----------+-------------------------------------------+
| g2        | BUFGCTRL/O      | n/a               | clk_out_371_25MHz_clk_wiz_720p |       2.694 | {0.000 1.347} |          47 |        0 |              0 |        0 | serial_and_pix_clk/inst/clk_out_371_25MHz |
+-----------+-----------------+-------------------+--------------------------------+-------------+---------------+-------------+----------+----------------+----------+-------------------------------------------+
* Slice Loads column represents load cell count of all cell types other than IO, GT and clock resources
** IO Loads column represents load cell count of IO types
*** Clocking Loads column represents load cell count that are clock resources (global clock buffer, MMCM, PLL, etc)
**** GT Loads column represents load cell count of GT types


+----+----+-----+-----------------------+
|    | X0 | X1  | HORIZONTAL PROG DELAY |
+----+----+-----+-----------------------+
| Y4 |  0 |   0 |                     - |
| Y3 |  0 |   0 |                     - |
| Y2 |  0 |  47 |                     0 |
| Y1 |  0 |   0 |                     - |
| Y0 |  0 |   0 |                     - |
+----+----+-----+-----------------------+


9. Device Cell Placement Summary for Global Clock g3
----------------------------------------------------

+-----------+-----------------+-------------------+--------------------------------+-------------+---------------+-------------+----------+----------------+----------+---------------------------------------------------------------+
| Global Id | Driver Type/Pin | Driver Region (D) | Clock                          | Period (ns) | Waveform (ns) | Slice Loads | IO Loads | Clocking Loads | GT Loads | Net                                                           |
+-----------+-----------------+-------------------+--------------------------------+-------------+---------------+-------------+----------+----------------+----------+---------------------------------------------------------------+
| g3        | BUFH/O          | X0Y2              | clk_out_371_25MHz_clk_wiz_720p |       2.694 | {0.000 1.347} |           8 |        0 |              0 |        0 | serial_and_pix_clk/inst/clk_out_371_25MHz_clk_wiz_720p_en_clk |
+-----------+-----------------+-------------------+--------------------------------+-------------+---------------+-------------+----------+----------------+----------+---------------------------------------------------------------+
* Slice Loads column represents load cell count of all cell types other than IO, GT and clock resources
** IO Loads column represents load cell count of IO types
*** Clocking Loads column represents load cell count that are clock resources (global clock buffer, MMCM, PLL, etc)
**** GT Loads column represents load cell count of GT types


+----+--------+----+-----------------------+
|    | X0     | X1 | HORIZONTAL PROG DELAY |
+----+--------+----+-----------------------+
| Y4 |      0 |  0 |                     - |
| Y3 |      0 |  0 |                     - |
| Y2 |  (D) 8 |  0 |                     0 |
| Y1 |      0 |  0 |                     - |
| Y0 |      0 |  0 |                     - |
+----+--------+----+-----------------------+


10. Device Cell Placement Summary for Global Clock g4
-----------------------------------------------------

+-----------+-----------------+-------------------+-----------------------+-------------+----------------+-------------+----------+----------------+----------+---------------------------------------------------+
| Global Id | Driver Type/Pin | Driver Region (D) | Clock                 | Period (ns) | Waveform (ns)  | Slice Loads | IO Loads | Clocking Loads | GT Loads | Net                                               |
+-----------+-----------------+-------------------+-----------------------+-------------+----------------+-------------+----------+----------------+----------+---------------------------------------------------+
| g4        | BUFG/O          | n/a               | clkfbout_clk_wiz_720p |      50.000 | {0.000 25.000} |           0 |        0 |              1 |        0 | serial_and_pix_clk/inst/clkfbout_buf_clk_wiz_720p |
+-----------+-----------------+-------------------+-----------------------+-------------+----------------+-------------+----------+----------------+----------+---------------------------------------------------+
* Slice Loads column represents load cell count of all cell types other than IO, GT and clock resources
** IO Loads column represents load cell count of IO types
*** Clocking Loads column represents load cell count that are clock resources (global clock buffer, MMCM, PLL, etc)
**** GT Loads column represents load cell count of GT types


+----+----+----+-----------------------+
|    | X0 | X1 | HORIZONTAL PROG DELAY |
+----+----+----+-----------------------+
| Y4 |  0 |  0 |                     - |
| Y3 |  0 |  0 |                     - |
| Y2 |  0 |  1 |                     0 |
| Y1 |  0 |  0 |                     - |
| Y0 |  0 |  0 |                     - |
+----+----+----+-----------------------+


11. Clock Region Cell Placement per Global Clock: Region X0Y2
-------------------------------------------------------------

+-----------+-------+-----------------+------------+-------------+-----------------+----+-------------+------+-----+----+------+-----+---------+---------------------------------------------------------------+
| Global Id | Track | Driver Type/Pin | Constraint | Clock Loads | Non-Clock Loads | FF | Memory LUTs | RAMB | DSP | GT | MMCM | PLL | Hard IP | Net                                                           |
+-----------+-------+-----------------+------------+-------------+-----------------+----+-------------+------+-----+----+------+-----+---------+---------------------------------------------------------------+
| g3        | n/a   | BUFH/O          | None       |           8 |               0 |  8 |           0 |    0 |   0 |  0 |    0 |   0 |       0 | serial_and_pix_clk/inst/clk_out_371_25MHz_clk_wiz_720p_en_clk |
| g1        | n/a   | BUFH/O          | None       |           8 |               0 |  8 |           0 |    0 |   0 |  0 |    0 |   0 |       0 | serial_and_pix_clk/inst/clk_out_74_25MHz_clk_wiz_720p_en_clk  |
+-----------+-------+-----------------+------------+-------------+-----------------+----+-------------+------+-----+----+------+-----+---------+---------------------------------------------------------------+
* Clock Loads column represents cell count of net connects that connect to a clock pin. Internal cell leaf pins are not considered
** Non-Clock Loads column represents cell count of non-clock pin loads
*** Columns FF, LUTRAM, RAMB through 'Hard IP' represents load cell counts


12. Clock Region Cell Placement per Global Clock: Region X1Y2
-------------------------------------------------------------

+-----------+-------+-----------------+------------+-------------+-----------------+----+-------------+------+-----+----+------+-----+---------+---------------------------------------------------+
| Global Id | Track | Driver Type/Pin | Constraint | Clock Loads | Non-Clock Loads | FF | Memory LUTs | RAMB | DSP | GT | MMCM | PLL | Hard IP | Net                                               |
+-----------+-------+-----------------+------------+-------------+-----------------+----+-------------+------+-----+----+------+-----+---------+---------------------------------------------------+
| g0        | n/a   | BUFGCTRL/O      | None       |          55 |               1 | 55 |           0 |    0 |   0 |  0 |    0 |   0 |       0 | serial_and_pix_clk/inst/clk_out_74_25MHz          |
| g2        | n/a   | BUFGCTRL/O      | None       |          47 |               0 | 44 |           0 |    0 |   0 |  0 |    0 |   0 |       0 | serial_and_pix_clk/inst/clk_out_371_25MHz         |
| g4        | n/a   | BUFG/O          | None       |           1 |               0 |  0 |           0 |    0 |   0 |  0 |    1 |   0 |       0 | serial_and_pix_clk/inst/clkfbout_buf_clk_wiz_720p |
+-----------+-------+-----------------+------------+-------------+-----------------+----+-------------+------+-----+----+------+-----+---------+---------------------------------------------------+
* Clock Loads column represents cell count of net connects that connect to a clock pin. Internal cell leaf pins are not considered
** Non-Clock Loads column represents cell count of non-clock pin loads
*** Columns FF, LUTRAM, RAMB through 'Hard IP' represents load cell counts



# Location of BUFG Primitives 
set_property LOC BUFGCTRL_X0Y2 [get_cells serial_and_pix_clk/inst/clkf_buf]
set_property LOC BUFGCTRL_X0Y0 [get_cells serial_and_pix_clk/inst/clkout1_buf]
set_property LOC BUFGCTRL_X0Y1 [get_cells serial_and_pix_clk/inst/clkout2_buf]

# Location of BUFH Primitives 
set_property LOC BUFHCE_X0Y24 [get_cells serial_and_pix_clk/inst/clkout1_buf_en]
set_property LOC BUFHCE_X0Y25 [get_cells serial_and_pix_clk/inst/clkout2_buf_en]

# Location of IO Primitives which is load of clock spine
set_property LOC IOB_X1Y148 [get_cells toc/OBUFDS_clock]

# Location of clock ports
set_property LOC IOB_X1Y124 [get_ports clk]

# Clock net "serial_and_pix_clk/inst/clk_out_74_25MHz_clk_wiz_720p_en_clk" driven by instance "serial_and_pix_clk/inst/clkout1_buf_en" located at site "BUFHCE_X0Y24"
#startgroup
create_pblock {CLKAG_serial_and_pix_clk/inst/clk_out_74_25MHz_clk_wiz_720p_en_clk}
add_cells_to_pblock [get_pblocks  {CLKAG_serial_and_pix_clk/inst/clk_out_74_25MHz_clk_wiz_720p_en_clk}] [get_cells -filter { PRIMITIVE_GROUP != I/O && IS_PRIMITIVE==1 && PRIMITIVE_LEVEL !=INTERNAL } -of_object [get_pins -filter {DIRECTION==IN} -of_objects [get_nets -hierarchical -filter {PARENT=="serial_and_pix_clk/inst/clk_out_74_25MHz_clk_wiz_720p_en_clk"}]]]
resize_pblock [get_pblocks {CLKAG_serial_and_pix_clk/inst/clk_out_74_25MHz_clk_wiz_720p_en_clk}] -add {CLOCKREGION_X0Y2:CLOCKREGION_X0Y2}
#endgroup

# Clock net "serial_and_pix_clk/inst/clk_out_74_25MHz" driven by instance "serial_and_pix_clk/inst/clkout1_buf" located at site "BUFGCTRL_X0Y0"
#startgroup
create_pblock {CLKAG_serial_and_pix_clk/inst/clk_out_74_25MHz}
add_cells_to_pblock [get_pblocks  {CLKAG_serial_and_pix_clk/inst/clk_out_74_25MHz}] [get_cells -filter { PRIMITIVE_GROUP != I/O && IS_PRIMITIVE==1 && PRIMITIVE_LEVEL !=INTERNAL && NAME!=toc/OBUFDS_clock} -of_object [get_pins -filter {DIRECTION==IN} -of_objects [get_nets -hierarchical -filter {PARENT=="serial_and_pix_clk/inst/clk_out_74_25MHz"}]]]
resize_pblock [get_pblocks {CLKAG_serial_and_pix_clk/inst/clk_out_74_25MHz}] -add {CLOCKREGION_X1Y2:CLOCKREGION_X1Y2}
#endgroup

# Clock net "serial_and_pix_clk/inst/clk_out_371_25MHz_clk_wiz_720p_en_clk" driven by instance "serial_and_pix_clk/inst/clkout2_buf_en" located at site "BUFHCE_X0Y25"
#startgroup
create_pblock {CLKAG_serial_and_pix_clk/inst/clk_out_371_25MHz_clk_wiz_720p_en_clk}
add_cells_to_pblock [get_pblocks  {CLKAG_serial_and_pix_clk/inst/clk_out_371_25MHz_clk_wiz_720p_en_clk}] [get_cells -filter { PRIMITIVE_GROUP != I/O && IS_PRIMITIVE==1 && PRIMITIVE_LEVEL !=INTERNAL } -of_object [get_pins -filter {DIRECTION==IN} -of_objects [get_nets -hierarchical -filter {PARENT=="serial_and_pix_clk/inst/clk_out_371_25MHz_clk_wiz_720p_en_clk"}]]]
resize_pblock [get_pblocks {CLKAG_serial_and_pix_clk/inst/clk_out_371_25MHz_clk_wiz_720p_en_clk}] -add {CLOCKREGION_X0Y2:CLOCKREGION_X0Y2}
#endgroup

# Clock net "serial_and_pix_clk/inst/clk_out_371_25MHz" driven by instance "serial_and_pix_clk/inst/clkout2_buf" located at site "BUFGCTRL_X0Y1"
#startgroup
create_pblock {CLKAG_serial_and_pix_clk/inst/clk_out_371_25MHz}
add_cells_to_pblock [get_pblocks  {CLKAG_serial_and_pix_clk/inst/clk_out_371_25MHz}] [get_cells -filter { PRIMITIVE_GROUP != I/O && IS_PRIMITIVE==1 && PRIMITIVE_LEVEL !=INTERNAL } -of_object [get_pins -filter {DIRECTION==IN} -of_objects [get_nets -hierarchical -filter {PARENT=="serial_and_pix_clk/inst/clk_out_371_25MHz"}]]]
resize_pblock [get_pblocks {CLKAG_serial_and_pix_clk/inst/clk_out_371_25MHz}] -add {CLOCKREGION_X1Y2:CLOCKREGION_X1Y2}
#endgroup
